0 info it worked if it ends with ok
1 verbose cli [ '/usr/local/bin/node', '/usr/local/bin/npm', 'run', 'serve' ]
2 info using npm@3.10.3
3 info using node@v6.7.0
4 verbose run-script [ 'preserve', 'serve', 'postserve' ]
5 info lifecycle indigo@1.0.0~preserve: indigo@1.0.0
6 silly lifecycle indigo@1.0.0~preserve: no script for preserve, continuing
7 info lifecycle indigo@1.0.0~serve: indigo@1.0.0
8 verbose lifecycle indigo@1.0.0~serve: unsafe-perm in lifecycle true
9 verbose lifecycle indigo@1.0.0~serve: PATH: /usr/local/lib/node_modules/npm/bin/node-gyp-bin:/Users/danielcampos/Documents/Projetos/Dericeira/node_modules/.bin:/usr/local/bin:/usr/local/bin:/Users/danielcampos/.rvm/gems/ruby-2.3.0/bin:/Users/danielcampos/.rvm/gems/ruby-2.3.0@global/bin:/Users/danielcampos/.rvm/rubies/ruby-2.3.0/bin:/usr/local/Cellar/php70/7.0.12_5/bin:/usr/local/bin:/usr/bin:/bin:/usr/sbin:/sbin:/usr/local/MacGPG2/bin:/Users/danielcampos/.rvm/bin
10 verbose lifecycle indigo@1.0.0~serve: CWD: /Users/danielcampos/Documents/Projetos/Dericeira
11 silly lifecycle indigo@1.0.0~serve: Args: [ '-c', 'bundle exec jekyll serve' ]
12 info lifecycle indigo@1.0.0~serve: Failed to exec serve script
13 verbose stack Error: indigo@1.0.0 serve: `bundle exec jekyll serve`
13 verbose stack spawn ENOENT
13 verbose stack     at ChildProcess.<anonymous> (/usr/local/lib/node_modules/npm/lib/utils/spawn.js:33:16)
13 verbose stack     at emitTwo (events.js:106:13)
13 verbose stack     at ChildProcess.emit (events.js:191:7)
13 verbose stack     at maybeClose (internal/child_process.js:877:16)
13 verbose stack     at Process.ChildProcess._handle.onexit (internal/child_process.js:226:5)
14 verbose pkgid indigo@1.0.0
15 verbose cwd /Users/danielcampos/Documents/Projetos/Dericeira
16 error Darwin 16.1.0
17 error argv "/usr/local/bin/node" "/usr/local/bin/npm" "run" "serve"
18 error node v6.7.0
19 error npm  v3.10.3
20 error file sh
21 error code ELIFECYCLE
22 error errno ENOENT
23 error syscall spawn
24 error indigo@1.0.0 serve: `bundle exec jekyll serve`
24 error spawn ENOENT
25 error Failed at the indigo@1.0.0 serve script 'bundle exec jekyll serve'.
25 error Make sure you have the latest version of node.js and npm installed.
25 error If you do, this is most likely a problem with the indigo package,
25 error not with npm itself.
25 error Tell the author that this fails on your system:
25 error     bundle exec jekyll serve
25 error You can get information on how to open an issue for this project with:
25 error     npm bugs indigo
25 error Or if that isn't available, you can get their info via:
25 error     npm owner ls indigo
25 error There is likely additional logging output above.
26 verbose exit [ 1, true ]
